<?xml version="1.0" encoding="UTF-8"?>
<testng-results ignored="0" total="1" passed="1" failed="0" skipped="0">
  <reporter-output>
  </reporter-output>
  <suite started-at="2024-05-09T20:09:12 IST" name="Default suite" finished-at="2024-05-09T20:10:10 IST" duration-ms="57790">
    <groups>
    </groups>
    <test started-at="2024-05-09T20:09:12 IST" name="Default test" finished-at="2024-05-09T20:10:10 IST" duration-ms="57790">
      <class name="testpkg.Nikesecondtest">
        <test-method is-config="true" signature="setup()[pri:0, instance:testpkg.Nikesecondtest@2892d68]" started-at="2024-05-09T20:09:12 IST" name="setup" finished-at="2024-05-09T20:09:19 IST" duration-ms="7662" status="PASS">
          <reporter-output>
          </reporter-output>
        </test-method> <!-- setup -->
        <test-method signature="mainpage()[pri:0, instance:testpkg.Nikesecondtest@2892d68]" started-at="2024-05-09T20:09:20 IST" name="mainpage" finished-at="2024-05-09T20:10:10 IST" duration-ms="50090" status="PASS">
          <reporter-output>
          </reporter-output>
        </test-method> <!-- mainpage -->
      </class> <!-- testpkg.Nikesecondtest -->
    </test> <!-- Default test -->
  </suite> <!-- Default suite -->
</testng-results>
